autocomplete_movie_search2023-03-25 17:54:11 [INFO] django.utils.autoreload: C:\Users\V_efr\Documents\Development\Python\movie_project\movie_project\movie_app\views.py changed, reloading.
2023-03-25 17:54:11 [INFO] django.utils.autoreload: Watching for file changes with StatReloader
2023-03-25 17:54:13 [DEBUG] urllib3.connectionpool: Starting new HTTP connection (1): www.omdbapi.com:80
2023-03-25 17:54:13 [DEBUG] urllib3.connectionpool: http://www.omdbapi.com:80 "GET /?apikey=b198fae9&t=Titanic HTTP/1.1" 200 None
2023-03-25 17:54:38 [DEBUG] urllib3.connectionpool: Starting new HTTP connection (1): www.omdbapi.com:80
2023-03-25 17:54:38 [DEBUG] urllib3.connectionpool: http://www.omdbapi.com:80 "GET /?apikey=b198fae9&t=Titanic HTTP/1.1" 200 None
2023-03-25 17:59:07 [DEBUG] urllib3.connectionpool: Starting new HTTP connection (1): www.omdbapi.com:80
2023-03-25 17:59:07 [DEBUG] urllib3.connectionpool: http://www.omdbapi.com:80 "GET /?apikey=b198fae9&t=Titanic HTTP/1.1" 200 None
2023-03-25 17:59:33 [DEBUG] urllib3.connectionpool: Starting new HTTP connection (1): www.omdbapi.com:80
2023-03-25 17:59:33 [DEBUG] urllib3.connectionpool: http://www.omdbapi.com:80 "GET /?apikey=b198fae9&t=Titanic HTTP/1.1" 200 None
2023-03-25 17:59:37 [DEBUG] urllib3.connectionpool: Starting new HTTP connection (1): www.omdbapi.com:80
2023-03-25 17:59:37 [DEBUG] urllib3.connectionpool: http://www.omdbapi.com:80 "GET /?apikey=b198fae9&t=Titanic HTTP/1.1" 200 None
2023-03-25 18:02:33 [DEBUG] urllib3.connectionpool: Starting new HTTP connection (1): www.omdbapi.com:80
2023-03-25 18:02:33 [DEBUG] urllib3.connectionpool: http://www.omdbapi.com:80 "GET /?apikey=b198fae9&t=Titanic HTTP/1.1" 200 None
2023-03-25 18:02:50 [DEBUG] urllib3.connectionpool: Starting new HTTP connection (1): www.omdbapi.com:80
2023-03-25 18:02:50 [DEBUG] urllib3.connectionpool: http://www.omdbapi.com:80 "GET /?apikey=b198fae9&t=Titanic HTTP/1.1" 200 None
2023-03-25 18:03:25 [DEBUG] urllib3.connectionpool: Starting new HTTP connection (1): www.omdbapi.com:80
2023-03-25 18:03:25 [DEBUG] urllib3.connectionpool: http://www.omdbapi.com:80 "GET /?apikey=b198fae9&t=Titanic HTTP/1.1" 200 None
2023-03-25 18:06:59 [DEBUG] urllib3.connectionpool: Starting new HTTP connection (1): www.omdbapi.com:80
2023-03-25 18:06:59 [DEBUG] urllib3.connectionpool: http://www.omdbapi.com:80 "GET /?apikey=b198fae9&t=Titanic HTTP/1.1" 200 None
2023-03-25 18:07:16 [DEBUG] urllib3.connectionpool: Starting new HTTP connection (1): www.omdbapi.com:80
2023-03-25 18:07:16 [DEBUG] urllib3.connectionpool: http://www.omdbapi.com:80 "GET /?apikey=b198fae9&t=Titanic HTTP/1.1" 200 None
2023-03-25 18:08:02 [INFO] django.utils.autoreload: C:\Users\V_efr\Documents\Development\Python\movie_project\movie_project\movie_app\views.py changed, reloading.
2023-03-25 18:08:02 [INFO] django.utils.autoreload: Watching for file changes with StatReloader
2023-03-25 18:08:04 [DEBUG] urllib3.connectionpool: Starting new HTTP connection (1): www.omdbapi.com:80
2023-03-25 18:08:04 [DEBUG] urllib3.connectionpool: http://www.omdbapi.com:80 "GET /?apikey=b198fae9&t=Titanic HTTP/1.1" 200 None
2023-03-25 18:08:42 [DEBUG] urllib3.connectionpool: Starting new HTTP connection (1): www.omdbapi.com:80
2023-03-25 18:08:42 [DEBUG] urllib3.connectionpool: http://www.omdbapi.com:80 "GET /?apikey=b198fae9&t=Titanic HTTP/1.1" 200 None
2023-03-25 18:10:44 [DEBUG] urllib3.connectionpool: Starting new HTTP connection (1): www.omdbapi.com:80
2023-03-25 18:10:44 [DEBUG] urllib3.connectionpool: http://www.omdbapi.com:80 "GET /?apikey=b198fae9&t=Titanic HTTP/1.1" 200 None
2023-03-25 18:10:55 [DEBUG] urllib3.connectionpool: Starting new HTTP connection (1): www.omdbapi.com:80
2023-03-25 18:10:55 [DEBUG] urllib3.connectionpool: http://www.omdbapi.com:80 "GET /?apikey=b198fae9&t=Titanic HTTP/1.1" 200 None
2023-03-25 19:05:37 [DEBUG] urllib3.connectionpool: Starting new HTTP connection (1): www.omdbapi.com:80
2023-03-25 19:05:37 [DEBUG] urllib3.connectionpool: http://www.omdbapi.com:80 "GET /?apikey=b198fae9&t=Titanic HTTP/1.1" 200 None
2023-03-25 19:05:55 [DEBUG] urllib3.connectionpool: Starting new HTTP connection (1): www.omdbapi.com:80
2023-03-25 19:05:55 [DEBUG] urllib3.connectionpool: http://www.omdbapi.com:80 "GET /?apikey=b198fae9&t=Titanic HTTP/1.1" 200 None
2023-03-25 19:07:03 [DEBUG] urllib3.connectionpool: Starting new HTTP connection (1): www.omdbapi.com:80
2023-03-25 19:07:03 [DEBUG] urllib3.connectionpool: http://www.omdbapi.com:80 "GET /?apikey=b198fae9&t=Titanic HTTP/1.1" 200 None
2023-03-25 19:08:04 [DEBUG] urllib3.connectionpool: Starting new HTTP connection (1): www.omdbapi.com:80
2023-03-25 19:08:04 [DEBUG] urllib3.connectionpool: http://www.omdbapi.com:80 "GET /?apikey=b198fae9&t=Titanic HTTP/1.1" 200 None
2023-03-25 19:08:36 [DEBUG] urllib3.connectionpool: Starting new HTTP connection (1): www.omdbapi.com:80
2023-03-25 19:08:37 [DEBUG] urllib3.connectionpool: http://www.omdbapi.com:80 "GET /?apikey=b198fae9&t=Titanic HTTP/1.1" 200 None
2023-03-25 19:09:43 [DEBUG] urllib3.connectionpool: Starting new HTTP connection (1): www.omdbapi.com:80
2023-03-25 19:09:43 [DEBUG] urllib3.connectionpool: http://www.omdbapi.com:80 "GET /?apikey=b198fae9&t=Titanic HTTP/1.1" 200 None
2023-03-25 19:10:31 [DEBUG] urllib3.connectionpool: Starting new HTTP connection (1): www.omdbapi.com:80
2023-03-25 19:10:31 [DEBUG] urllib3.connectionpool: http://www.omdbapi.com:80 "GET /?apikey=b198fae9&t=Titanic HTTP/1.1" 200 None
2023-03-25 19:11:21 [DEBUG] urllib3.connectionpool: Starting new HTTP connection (1): www.omdbapi.com:80
2023-03-25 19:11:21 [DEBUG] urllib3.connectionpool: http://www.omdbapi.com:80 "GET /?apikey=b198fae9&t=Titanic HTTP/1.1" 200 None
2023-03-25 19:12:49 [DEBUG] urllib3.connectionpool: Starting new HTTP connection (1): www.omdbapi.com:80
2023-03-25 19:12:49 [DEBUG] urllib3.connectionpool: http://www.omdbapi.com:80 "GET /?apikey=b198fae9&t=Titanic HTTP/1.1" 200 None
2023-03-25 19:13:13 [DEBUG] urllib3.connectionpool: Starting new HTTP connection (1): www.omdbapi.com:80
2023-03-25 19:13:13 [DEBUG] urllib3.connectionpool: http://www.omdbapi.com:80 "GET /?apikey=b198fae9&t=Titanic HTTP/1.1" 200 None
2023-03-25 19:13:40 [DEBUG] urllib3.connectionpool: Starting new HTTP connection (1): www.omdbapi.com:80
2023-03-25 19:13:40 [DEBUG] urllib3.connectionpool: http://www.omdbapi.com:80 "GET /?apikey=b198fae9&t=Titanic HTTP/1.1" 200 None
2023-03-25 19:17:15 [DEBUG] urllib3.connectionpool: Starting new HTTP connection (1): www.omdbapi.com:80
2023-03-25 19:17:15 [DEBUG] urllib3.connectionpool: http://www.omdbapi.com:80 "GET /?apikey=b198fae9&t=Titanic HTTP/1.1" 200 None
2023-03-25 19:17:36 [DEBUG] urllib3.connectionpool: Starting new HTTP connection (1): www.omdbapi.com:80
2023-03-25 19:17:36 [DEBUG] urllib3.connectionpool: http://www.omdbapi.com:80 "GET /?apikey=b198fae9&t=Titanic HTTP/1.1" 200 None
2023-03-25 19:17:36 [DEBUG] urllib3.connectionpool: Starting new HTTP connection (1): www.omdbapi.com:80
2023-03-25 19:17:36 [DEBUG] urllib3.connectionpool: http://www.omdbapi.com:80 "GET /?apikey=b198fae9&t=Fantasy1&y=2022 HTTP/1.1" 200 47
2023-03-25 19:17:41 [DEBUG] urllib3.connectionpool: Starting new HTTP connection (1): www.omdbapi.com:80
2023-03-25 19:17:41 [DEBUG] urllib3.connectionpool: http://www.omdbapi.com:80 "GET /?apikey=b198fae9&t=Titanic HTTP/1.1" 200 None
2023-03-25 19:17:41 [DEBUG] urllib3.connectionpool: Starting new HTTP connection (1): www.omdbapi.com:80
2023-03-25 19:17:41 [DEBUG] urllib3.connectionpool: http://www.omdbapi.com:80 "GET /?apikey=b198fae9&t=Fantasy1 HTTP/1.1" 200 47
2023-03-25 19:17:45 [DEBUG] urllib3.connectionpool: Starting new HTTP connection (1): www.omdbapi.com:80
2023-03-25 19:17:45 [DEBUG] urllib3.connectionpool: http://www.omdbapi.com:80 "GET /?apikey=b198fae9&t=Titanic HTTP/1.1" 200 None
2023-03-25 19:17:45 [DEBUG] urllib3.connectionpool: Starting new HTTP connection (1): www.omdbapi.com:80
2023-03-25 19:17:46 [DEBUG] urllib3.connectionpool: http://www.omdbapi.com:80 "GET /?apikey=b198fae9&t=Fantasy HTTP/1.1" 200 None
2023-03-25 19:21:25 [DEBUG] urllib3.connectionpool: Starting new HTTP connection (1): www.omdbapi.com:80
2023-03-25 19:21:25 [DEBUG] urllib3.connectionpool: http://www.omdbapi.com:80 "GET /?apikey=b198fae9&t=Titanic HTTP/1.1" 200 None
2023-03-25 21:21:37 [DEBUG] urllib3.connectionpool: Starting new HTTP connection (1): www.omdbapi.com:80
2023-03-25 21:21:37 [DEBUG] urllib3.connectionpool: http://www.omdbapi.com:80 "GET /?apikey=b198fae9&t=Titanic HTTP/1.1" 200 None
2023-03-25 21:27:19 [INFO] django.utils.autoreload: C:\Users\V_efr\Documents\Development\Python\movie_project\movie_project\movie_app\views.py changed, reloading.
2023-03-25 21:27:20 [INFO] django.utils.autoreload: Watching for file changes with StatReloader
2023-03-25 21:28:37 [INFO] django.utils.autoreload: C:\Users\V_efr\Documents\Development\Python\movie_project\movie_project\movie_app\views.py changed, reloading.
2023-03-25 21:28:37 [INFO] django.utils.autoreload: Watching for file changes with StatReloader
2023-03-25 21:32:39 [INFO] django.utils.autoreload: C:\Users\V_efr\Documents\Development\Python\movie_project\movie_project\movie_app\views.py changed, reloading.
2023-03-25 21:32:40 [INFO] django.utils.autoreload: Watching for file changes with StatReloader
2023-03-25 21:32:54 [INFO] django.utils.autoreload: C:\Users\V_efr\Documents\Development\Python\movie_project\movie_project\movie_app\views.py changed, reloading.
2023-03-25 21:32:54 [INFO] django.utils.autoreload: Watching for file changes with StatReloader
2023-03-25 21:33:00 [INFO] django.utils.autoreload: C:\Users\V_efr\Documents\Development\Python\movie_project\movie_project\movie_app\views.py changed, reloading.
2023-03-25 21:33:00 [INFO] django.utils.autoreload: Watching for file changes with StatReloader
2023-03-25 21:35:11 [DEBUG] urllib3.connectionpool: Starting new HTTP connection (1): www.omdbapi.com:80
2023-03-25 21:35:11 [DEBUG] urllib3.connectionpool: http://www.omdbapi.com:80 "GET /?apikey=b198fae9&t=Titanic HTTP/1.1" 200 None
2023-03-25 21:35:15 [ERROR] django.request: Internal Server Error: /movie/autocomplete-movie-search/
Traceback (most recent call last):
  File "C:\Users\V_efr\Documents\Development\Python\movie_project\env\Lib\site-packages\django\core\handlers\exception.py", line 56, in inner
    response = get_response(request)
               ^^^^^^^^^^^^^^^^^^^^^
  File "C:\Users\V_efr\Documents\Development\Python\movie_project\env\Lib\site-packages\django\core\handlers\base.py", line 197, in _get_response
    response = wrapped_callback(request, *callback_args, **callback_kwargs)
               ^^^^^^^^^^^^^^^^^^^^^^^^^^^^^^^^^^^^^^^^^^^^^^^^^^^^^^^^^^^^
  File "C:\Users\V_efr\Documents\Development\Python\movie_project\env\Lib\site-packages\django\views\decorators\http.py", line 43, in inner
    return func(request, *args, **kwargs)
           ^^^^^^^^^^^^^^^^^^^^^^^^^^^^^^
  File "C:\Users\V_efr\Documents\Development\Python\movie_project\movie_project\movie_app\views.py", line 87, in autocomplete_movie_search
    results = get__omdb_movie_data(query)
              ^^^^^^^^^^^^^^^^^^^^^^^^^^^
  File "C:\Users\V_efr\Documents\Development\Python\movie_project\movie_project\movie_app\views.py", line 98, in get__omdb_movie_data
    response = requests.get(url)
               ^^^^^^^^^^^^^^^^^
  File "C:\Users\V_efr\Documents\Development\Python\movie_project\env\Lib\site-packages\requests\api.py", line 73, in get
    return request("get", url, params=params, **kwargs)
           ^^^^^^^^^^^^^^^^^^^^^^^^^^^^^^^^^^^^^^^^^^^^
  File "C:\Users\V_efr\Documents\Development\Python\movie_project\env\Lib\site-packages\requests\api.py", line 59, in request
    return session.request(method=method, url=url, **kwargs)
           ^^^^^^^^^^^^^^^^^^^^^^^^^^^^^^^^^^^^^^^^^^^^^^^^^
  File "C:\Users\V_efr\Documents\Development\Python\movie_project\env\Lib\site-packages\requests\sessions.py", line 573, in request
    prep = self.prepare_request(req)
           ^^^^^^^^^^^^^^^^^^^^^^^^^
  File "C:\Users\V_efr\Documents\Development\Python\movie_project\env\Lib\site-packages\requests\sessions.py", line 484, in prepare_request
    p.prepare(
  File "C:\Users\V_efr\Documents\Development\Python\movie_project\env\Lib\site-packages\requests\models.py", line 368, in prepare
    self.prepare_url(url, params)
  File "C:\Users\V_efr\Documents\Development\Python\movie_project\env\Lib\site-packages\requests\models.py", line 439, in prepare_url
    raise MissingSchema(
requests.exceptions.MissingSchema: Invalid URL 'tit': No scheme supplied. Perhaps you meant https://tit?
2023-03-25 21:36:15 [INFO] django.utils.autoreload: C:\Users\V_efr\Documents\Development\Python\movie_project\movie_project\movie_app\views.py changed, reloading.
2023-03-25 21:36:15 [INFO] django.utils.autoreload: Watching for file changes with StatReloader
2023-03-25 21:36:19 [DEBUG] urllib3.connectionpool: Starting new HTTP connection (1): www.omdbapi.com:80
2023-03-25 21:36:19 [DEBUG] urllib3.connectionpool: http://www.omdbapi.com:80 "GET /?apikey=b198fae9&t=Titanic HTTP/1.1" 200 None
2023-03-25 21:36:21 [DEBUG] urllib3.connectionpool: Starting new HTTP connection (1): www.omdbapi.com:80
2023-03-25 21:36:21 [DEBUG] urllib3.connectionpool: http://www.omdbapi.com:80 "GET /?apikey=b198fae9&s=ti HTTP/1.1" 200 None
2023-03-25 21:36:21 [ERROR] django.request: Internal Server Error: /movie/autocomplete-movie-search/
Traceback (most recent call last):
  File "C:\Users\V_efr\Documents\Development\Python\movie_project\env\Lib\site-packages\django\core\handlers\exception.py", line 56, in inner
    response = get_response(request)
               ^^^^^^^^^^^^^^^^^^^^^
  File "C:\Users\V_efr\Documents\Development\Python\movie_project\env\Lib\site-packages\django\core\handlers\base.py", line 197, in _get_response
    response = wrapped_callback(request, *callback_args, **callback_kwargs)
               ^^^^^^^^^^^^^^^^^^^^^^^^^^^^^^^^^^^^^^^^^^^^^^^^^^^^^^^^^^^^
  File "C:\Users\V_efr\Documents\Development\Python\movie_project\env\Lib\site-packages\django\views\decorators\http.py", line 43, in inner
    return func(request, *args, **kwargs)
           ^^^^^^^^^^^^^^^^^^^^^^^^^^^^^^
  File "C:\Users\V_efr\Documents\Development\Python\movie_project\movie_project\movie_app\views.py", line 90, in autocomplete_movie_search
    results = [r for r in results if query.lower() in r['label'].lower()]
              ^^^^^^^^^^^^^^^^^^^^^^^^^^^^^^^^^^^^^^^^^^^^^^^^^^^^^^^^^^^
  File "C:\Users\V_efr\Documents\Development\Python\movie_project\movie_project\movie_app\views.py", line 90, in <listcomp>
    results = [r for r in results if query.lower() in r['label'].lower()]
                                                      ~^^^^^^^^^
TypeError: string indices must be integers, not 'str'
2023-03-25 21:37:31 [INFO] django.utils.autoreload: C:\Users\V_efr\Documents\Development\Python\movie_project\movie_project\movie_app\views.py changed, reloading.
2023-03-25 21:37:31 [INFO] django.utils.autoreload: Watching for file changes with StatReloader
2023-03-25 21:37:33 [DEBUG] urllib3.connectionpool: Starting new HTTP connection (1): www.omdbapi.com:80
2023-03-25 21:37:33 [DEBUG] urllib3.connectionpool: http://www.omdbapi.com:80 "GET /?apikey=b198fae9&t=Titanic HTTP/1.1" 200 None
2023-03-25 21:37:35 [DEBUG] urllib3.connectionpool: Starting new HTTP connection (1): www.omdbapi.com:80
2023-03-25 21:37:35 [DEBUG] urllib3.connectionpool: http://www.omdbapi.com:80 "GET /?apikey=b198fae9&s=tit HTTP/1.1" 200 None
2023-03-25 21:39:11 [INFO] django.utils.autoreload: C:\Users\V_efr\Documents\Development\Python\movie_project\movie_project\movie_app\views.py changed, reloading.
2023-03-25 21:39:11 [INFO] django.utils.autoreload: Watching for file changes with StatReloader
2023-03-25 21:39:13 [DEBUG] urllib3.connectionpool: Starting new HTTP connection (1): www.omdbapi.com:80
2023-03-25 21:39:13 [DEBUG] urllib3.connectionpool: http://www.omdbapi.com:80 "GET /?apikey=b198fae9&t=Titanic HTTP/1.1" 200 None
2023-03-25 21:39:16 [DEBUG] urllib3.connectionpool: Starting new HTTP connection (1): www.omdbapi.com:80
2023-03-25 21:39:16 [DEBUG] urllib3.connectionpool: http://www.omdbapi.com:80 "GET /?apikey=b198fae9&s=tit HTTP/1.1" 200 None
2023-03-25 21:41:34 [INFO] django.utils.autoreload: C:\Users\V_efr\Documents\Development\Python\movie_project\movie_project\movie_app\views.py changed, reloading.
2023-03-25 21:41:34 [INFO] django.utils.autoreload: Watching for file changes with StatReloader
2023-03-25 21:41:44 [DEBUG] urllib3.connectionpool: Starting new HTTP connection (1): www.omdbapi.com:80
2023-03-25 21:41:44 [DEBUG] urllib3.connectionpool: http://www.omdbapi.com:80 "GET /?apikey=b198fae9&t=Titanic HTTP/1.1" 200 None
2023-03-25 21:41:46 [DEBUG] urllib3.connectionpool: Starting new HTTP connection (1): www.omdbapi.com:80
2023-03-25 21:41:46 [DEBUG] urllib3.connectionpool: http://www.omdbapi.com:80 "GET /?apikey=b198fae9&s=tit HTTP/1.1" 200 None
2023-03-25 21:41:46 [ERROR] django.request: Internal Server Error: /movie/autocomplete-movie-search/
Traceback (most recent call last):
  File "C:\Users\V_efr\Documents\Development\Python\movie_project\env\Lib\site-packages\django\core\handlers\exception.py", line 56, in inner
    response = get_response(request)
               ^^^^^^^^^^^^^^^^^^^^^
  File "C:\Users\V_efr\Documents\Development\Python\movie_project\env\Lib\site-packages\django\core\handlers\base.py", line 197, in _get_response
    response = wrapped_callback(request, *callback_args, **callback_kwargs)
               ^^^^^^^^^^^^^^^^^^^^^^^^^^^^^^^^^^^^^^^^^^^^^^^^^^^^^^^^^^^^
  File "C:\Users\V_efr\Documents\Development\Python\movie_project\env\Lib\site-packages\django\views\decorators\http.py", line 43, in inner
    return func(request, *args, **kwargs)
           ^^^^^^^^^^^^^^^^^^^^^^^^^^^^^^
  File "C:\Users\V_efr\Documents\Development\Python\movie_project\movie_project\movie_app\views.py", line 89, in autocomplete_movie_search
    for r in result.Search:
             ^^^^^^^^^^^^^
AttributeError: 'dict' object has no attribute 'Search'
2023-03-25 21:42:17 [INFO] django.utils.autoreload: C:\Users\V_efr\Documents\Development\Python\movie_project\movie_project\movie_app\views.py changed, reloading.
2023-03-25 21:42:17 [INFO] django.utils.autoreload: Watching for file changes with StatReloader
2023-03-25 21:42:21 [DEBUG] urllib3.connectionpool: Starting new HTTP connection (1): www.omdbapi.com:80
2023-03-25 21:42:21 [DEBUG] urllib3.connectionpool: http://www.omdbapi.com:80 "GET /?apikey=b198fae9&s=tit HTTP/1.1" 200 None
2023-03-25 21:44:09 [INFO] django.utils.autoreload: C:\Users\V_efr\Documents\Development\Python\movie_project\movie_project\movie_app\views.py changed, reloading.
2023-03-25 21:44:09 [INFO] django.utils.autoreload: Watching for file changes with StatReloader
2023-03-25 21:45:58 [INFO] django.utils.autoreload: C:\Users\V_efr\Documents\Development\Python\movie_project\movie_project\movie_app\views.py changed, reloading.
2023-03-25 21:45:58 [INFO] django.utils.autoreload: Watching for file changes with StatReloader
2023-03-25 21:50:07 [INFO] django.utils.autoreload: C:\Users\V_efr\Documents\Development\Python\movie_project\movie_project\movie_app\views.py changed, reloading.
2023-03-25 21:50:08 [INFO] django.utils.autoreload: Watching for file changes with StatReloader
2023-03-25 21:50:10 [INFO] django.utils.autoreload: C:\Users\V_efr\Documents\Development\Python\movie_project\movie_project\movie_app\views.py changed, reloading.
2023-03-25 21:50:10 [INFO] django.utils.autoreload: Watching for file changes with StatReloader
2023-03-25 21:51:50 [INFO] django.utils.autoreload: C:\Users\V_efr\Documents\Development\Python\movie_project\movie_project\movie_app\views.py changed, reloading.
2023-03-25 21:51:50 [INFO] django.utils.autoreload: Watching for file changes with StatReloader
2023-03-25 21:52:13 [INFO] django.utils.autoreload: C:\Users\V_efr\Documents\Development\Python\movie_project\movie_project\movie_app\views.py changed, reloading.
2023-03-25 21:52:14 [INFO] django.utils.autoreload: Watching for file changes with StatReloader
2023-03-25 21:52:22 [INFO] django.utils.autoreload: C:\Users\V_efr\Documents\Development\Python\movie_project\movie_project\movie_app\views.py changed, reloading.
2023-03-25 21:52:22 [INFO] django.utils.autoreload: Watching for file changes with StatReloader
2023-03-25 21:52:27 [DEBUG] urllib3.connectionpool: Starting new HTTP connection (1): www.omdbapi.com:80
2023-03-25 21:52:27 [DEBUG] urllib3.connectionpool: http://www.omdbapi.com:80 "GET /?apikey=b198fae9&t=Titanic HTTP/1.1" 200 None
2023-03-25 21:52:30 [DEBUG] urllib3.connectionpool: Starting new HTTP connection (1): www.omdbapi.com:80
2023-03-25 21:52:30 [DEBUG] urllib3.connectionpool: http://www.omdbapi.com:80 "GET /?apikey=b198fae9&s=tit HTTP/1.1" 200 None
2023-03-25 21:52:30 [WARNING] django.request: Not Found: /movie/detail/N/A
2023-03-25 21:54:30 [INFO] django.utils.autoreload: C:\Users\V_efr\Documents\Development\Python\movie_project\movie_project\movie_app\views.py changed, reloading.
2023-03-25 21:54:30 [INFO] django.utils.autoreload: Watching for file changes with StatReloader
2023-03-25 21:54:37 [INFO] django.utils.autoreload: C:\Users\V_efr\Documents\Development\Python\movie_project\movie_project\movie_app\views.py changed, reloading.
2023-03-25 21:54:37 [INFO] django.utils.autoreload: Watching for file changes with StatReloader
2023-03-25 21:54:47 [INFO] django.utils.autoreload: C:\Users\V_efr\Documents\Development\Python\movie_project\movie_project\movie_app\views.py changed, reloading.
2023-03-25 21:54:47 [INFO] django.utils.autoreload: Watching for file changes with StatReloader
2023-03-25 21:56:58 [DEBUG] urllib3.connectionpool: Starting new HTTP connection (1): www.omdbapi.com:80
2023-03-25 21:56:59 [DEBUG] urllib3.connectionpool: http://www.omdbapi.com:80 "GET /?apikey=b198fae9&t=Titanic HTTP/1.1" 200 None
2023-03-25 21:57:02 [DEBUG] urllib3.connectionpool: Starting new HTTP connection (1): www.omdbapi.com:80
2023-03-25 21:57:02 [DEBUG] urllib3.connectionpool: http://www.omdbapi.com:80 "GET /?apikey=b198fae9&s=tit HTTP/1.1" 200 None
2023-03-25 21:57:02 [WARNING] django.request: Not Found: /movie/detail/N/A
2023-03-25 21:57:07 [DEBUG] urllib3.connectionpool: Starting new HTTP connection (1): www.omdbapi.com:80
2023-03-25 21:57:07 [DEBUG] urllib3.connectionpool: http://www.omdbapi.com:80 "GET /?apikey=b198fae9&t=Titanic HTTP/1.1" 200 None
2023-03-25 21:57:12 [DEBUG] urllib3.connectionpool: Starting new HTTP connection (1): www.omdbapi.com:80
2023-03-25 21:57:13 [DEBUG] urllib3.connectionpool: http://www.omdbapi.com:80 "GET /?apikey=b198fae9&t=Titanic HTTP/1.1" 200 None
2023-03-25 21:57:15 [DEBUG] urllib3.connectionpool: Starting new HTTP connection (1): www.omdbapi.com:80
2023-03-25 21:57:15 [DEBUG] urllib3.connectionpool: http://www.omdbapi.com:80 "GET /?apikey=b198fae9&s=tit HTTP/1.1" 200 None
2023-03-25 21:57:15 [WARNING] django.request: Not Found: /movie/detail/N/A
2023-03-25 21:58:35 [DEBUG] urllib3.connectionpool: Starting new HTTP connection (1): www.omdbapi.com:80
2023-03-25 21:58:35 [DEBUG] urllib3.connectionpool: http://www.omdbapi.com:80 "GET /?apikey=b198fae9&t=Titanic HTTP/1.1" 200 None
2023-03-25 21:58:38 [DEBUG] urllib3.connectionpool: Starting new HTTP connection (1): www.omdbapi.com:80
2023-03-25 21:58:38 [DEBUG] urllib3.connectionpool: http://www.omdbapi.com:80 "GET /?apikey=b198fae9&s=tit HTTP/1.1" 200 None
2023-03-25 21:58:38 [WARNING] django.request: Not Found: /movie/detail/N/A
2023-03-25 21:59:31 [DEBUG] urllib3.connectionpool: Starting new HTTP connection (1): www.omdbapi.com:80
2023-03-25 21:59:31 [DEBUG] urllib3.connectionpool: http://www.omdbapi.com:80 "GET /?apikey=b198fae9&t=Titanic HTTP/1.1" 200 None
2023-03-25 21:59:33 [DEBUG] urllib3.connectionpool: Starting new HTTP connection (1): www.omdbapi.com:80
2023-03-25 21:59:33 [DEBUG] urllib3.connectionpool: http://www.omdbapi.com:80 "GET /?apikey=b198fae9&s=tit HTTP/1.1" 200 None
2023-03-25 21:59:33 [WARNING] django.request: Not Found: /movie/detail/N/A
2023-03-25 22:00:21 [DEBUG] urllib3.connectionpool: Starting new HTTP connection (1): www.omdbapi.com:80
2023-03-25 22:00:22 [DEBUG] urllib3.connectionpool: http://www.omdbapi.com:80 "GET /?apikey=b198fae9&t=Titanic HTTP/1.1" 200 None
2023-03-25 22:00:29 [DEBUG] urllib3.connectionpool: Starting new HTTP connection (1): www.omdbapi.com:80
2023-03-25 22:00:29 [DEBUG] urllib3.connectionpool: http://www.omdbapi.com:80 "GET /?apikey=b198fae9&s=tit HTTP/1.1" 200 None
2023-03-25 22:00:29 [WARNING] django.request: Not Found: /movie/detail/N/A
2023-03-25 22:02:10 [DEBUG] urllib3.connectionpool: Starting new HTTP connection (1): www.omdbapi.com:80
2023-03-25 22:02:10 [DEBUG] urllib3.connectionpool: http://www.omdbapi.com:80 "GET /?apikey=b198fae9&t=Titanic HTTP/1.1" 200 None
2023-03-25 22:02:14 [DEBUG] urllib3.connectionpool: Starting new HTTP connection (1): www.omdbapi.com:80
2023-03-25 22:02:14 [DEBUG] urllib3.connectionpool: http://www.omdbapi.com:80 "GET /?apikey=b198fae9&s=tit HTTP/1.1" 200 None
2023-03-25 22:02:14 [WARNING] django.request: Not Found: /movie/detail/N/A
2023-03-25 22:02:49 [DEBUG] urllib3.connectionpool: Starting new HTTP connection (1): www.omdbapi.com:80
2023-03-25 22:02:49 [DEBUG] urllib3.connectionpool: http://www.omdbapi.com:80 "GET /?apikey=b198fae9&t=Titanic HTTP/1.1" 200 None
2023-03-25 22:02:52 [DEBUG] urllib3.connectionpool: Starting new HTTP connection (1): www.omdbapi.com:80
2023-03-25 22:02:52 [DEBUG] urllib3.connectionpool: http://www.omdbapi.com:80 "GET /?apikey=b198fae9&s=tit HTTP/1.1" 200 None
2023-03-25 22:02:52 [WARNING] django.request: Not Found: /movie/detail/N/A
2023-03-25 22:03:56 [DEBUG] urllib3.connectionpool: Starting new HTTP connection (1): www.omdbapi.com:80
2023-03-25 22:03:56 [DEBUG] urllib3.connectionpool: http://www.omdbapi.com:80 "GET /?apikey=b198fae9&t=Titanic HTTP/1.1" 200 None
2023-03-25 22:03:58 [DEBUG] urllib3.connectionpool: Starting new HTTP connection (1): www.omdbapi.com:80
2023-03-25 22:03:58 [DEBUG] urllib3.connectionpool: http://www.omdbapi.com:80 "GET /?apikey=b198fae9&s=tit HTTP/1.1" 200 None
2023-03-25 22:03:58 [WARNING] django.request: Not Found: /movie/detail/N/A
2023-03-25 22:05:13 [DEBUG] urllib3.connectionpool: Starting new HTTP connection (1): www.omdbapi.com:80
2023-03-25 22:05:13 [DEBUG] urllib3.connectionpool: http://www.omdbapi.com:80 "GET /?apikey=b198fae9&t=Titanic HTTP/1.1" 200 None
2023-03-25 22:05:16 [DEBUG] urllib3.connectionpool: Starting new HTTP connection (1): www.omdbapi.com:80
2023-03-25 22:05:16 [DEBUG] urllib3.connectionpool: http://www.omdbapi.com:80 "GET /?apikey=b198fae9&s=tit HTTP/1.1" 200 None
2023-03-25 22:05:16 [WARNING] django.request: Not Found: /movie/detail/N/A
2023-03-25 22:05:57 [DEBUG] urllib3.connectionpool: Starting new HTTP connection (1): www.omdbapi.com:80
2023-03-25 22:05:57 [DEBUG] urllib3.connectionpool: http://www.omdbapi.com:80 "GET /?apikey=b198fae9&t=Titanic HTTP/1.1" 200 None
2023-03-25 22:05:59 [DEBUG] urllib3.connectionpool: Starting new HTTP connection (1): www.omdbapi.com:80
2023-03-25 22:06:00 [DEBUG] urllib3.connectionpool: http://www.omdbapi.com:80 "GET /?apikey=b198fae9&s=tit HTTP/1.1" 200 None
2023-03-25 22:06:00 [WARNING] django.request: Not Found: /movie/detail/N/A
2023-03-25 22:06:08 [DEBUG] urllib3.connectionpool: Starting new HTTP connection (1): www.omdbapi.com:80
2023-03-25 22:06:09 [DEBUG] urllib3.connectionpool: http://www.omdbapi.com:80 "GET /?apikey=b198fae9&s=titl HTTP/1.1" 200 47
2023-03-25 22:06:09 [DEBUG] urllib3.connectionpool: Starting new HTTP connection (1): www.omdbapi.com:80
2023-03-25 22:06:09 [DEBUG] urllib3.connectionpool: http://www.omdbapi.com:80 "GET /?apikey=b198fae9&s=title HTTP/1.1" 200 None
2023-03-25 22:08:22 [INFO] django.utils.autoreload: C:\Users\V_efr\Documents\Development\Python\movie_project\movie_project\movie_app\views.py changed, reloading.
2023-03-25 22:08:22 [INFO] django.utils.autoreload: Watching for file changes with StatReloader
2023-03-25 22:08:46 [DEBUG] urllib3.connectionpool: Starting new HTTP connection (1): www.omdbapi.com:80
2023-03-25 22:08:46 [DEBUG] urllib3.connectionpool: http://www.omdbapi.com:80 "GET /?apikey=b198fae9&t=Titanic HTTP/1.1" 200 None
2023-03-25 22:08:48 [DEBUG] urllib3.connectionpool: Starting new HTTP connection (1): www.omdbapi.com:80
2023-03-25 22:08:48 [DEBUG] urllib3.connectionpool: http://www.omdbapi.com:80 "GET /?apikey=b198fae9&s=tit HTTP/1.1" 200 None
2023-03-25 22:10:43 [DEBUG] urllib3.connectionpool: Starting new HTTP connection (1): www.omdbapi.com:80
2023-03-25 22:10:43 [DEBUG] urllib3.connectionpool: http://www.omdbapi.com:80 "GET /?apikey=b198fae9&t=Titanic HTTP/1.1" 200 None
2023-03-25 22:10:45 [DEBUG] urllib3.connectionpool: Starting new HTTP connection (1): www.omdbapi.com:80
2023-03-25 22:10:45 [DEBUG] urllib3.connectionpool: http://www.omdbapi.com:80 "GET /?apikey=b198fae9&s=tti HTTP/1.1" 200 47
2023-03-25 22:10:47 [DEBUG] urllib3.connectionpool: Starting new HTTP connection (1): www.omdbapi.com:80
2023-03-25 22:10:47 [DEBUG] urllib3.connectionpool: http://www.omdbapi.com:80 "GET /?apikey=b198fae9&s=tit HTTP/1.1" 200 None
2023-03-25 22:10:58 [DEBUG] urllib3.connectionpool: Starting new HTTP connection (1): www.omdbapi.com:80
2023-03-25 22:10:58 [DEBUG] urllib3.connectionpool: http://www.omdbapi.com:80 "GET /?apikey=b198fae9&s=tit HTTP/1.1" 200 None
2023-03-25 22:11:22 [DEBUG] urllib3.connectionpool: Starting new HTTP connection (1): www.omdbapi.com:80
2023-03-25 22:11:22 [DEBUG] urllib3.connectionpool: http://www.omdbapi.com:80 "GET /?apikey=b198fae9&t=Titanic HTTP/1.1" 200 None
2023-03-25 22:11:24 [DEBUG] urllib3.connectionpool: Starting new HTTP connection (1): www.omdbapi.com:80
2023-03-25 22:11:24 [DEBUG] urllib3.connectionpool: http://www.omdbapi.com:80 "GET /?apikey=b198fae9&s=tit HTTP/1.1" 200 None
2023-03-25 22:11:42 [DEBUG] urllib3.connectionpool: Starting new HTTP connection (1): www.omdbapi.com:80
2023-03-25 22:11:42 [DEBUG] urllib3.connectionpool: http://www.omdbapi.com:80 "GET /?apikey=b198fae9&t=Titanic HTTP/1.1" 200 None
2023-03-25 22:11:44 [DEBUG] urllib3.connectionpool: Starting new HTTP connection (1): www.omdbapi.com:80
2023-03-25 22:11:44 [DEBUG] urllib3.connectionpool: http://www.omdbapi.com:80 "GET /?apikey=b198fae9&s=tit HTTP/1.1" 200 None
2023-03-25 22:12:29 [DEBUG] urllib3.connectionpool: Starting new HTTP connection (1): www.omdbapi.com:80
2023-03-25 22:12:29 [DEBUG] urllib3.connectionpool: http://www.omdbapi.com:80 "GET /?apikey=b198fae9&t=Titanic HTTP/1.1" 200 None
2023-03-25 22:12:32 [DEBUG] urllib3.connectionpool: Starting new HTTP connection (1): www.omdbapi.com:80
2023-03-25 22:12:32 [DEBUG] urllib3.connectionpool: http://www.omdbapi.com:80 "GET /?apikey=b198fae9&s=tit HTTP/1.1" 200 None
2023-03-25 22:13:16 [DEBUG] urllib3.connectionpool: Starting new HTTP connection (1): www.omdbapi.com:80
2023-03-25 22:13:16 [DEBUG] urllib3.connectionpool: http://www.omdbapi.com:80 "GET /?apikey=b198fae9&t=Titanic HTTP/1.1" 200 None
2023-03-25 22:13:18 [DEBUG] urllib3.connectionpool: Starting new HTTP connection (1): www.omdbapi.com:80
2023-03-25 22:13:18 [DEBUG] urllib3.connectionpool: http://www.omdbapi.com:80 "GET /?apikey=b198fae9&s=tit HTTP/1.1" 200 None
2023-03-25 22:16:57 [DEBUG] urllib3.connectionpool: Starting new HTTP connection (1): www.omdbapi.com:80
2023-03-25 22:16:57 [DEBUG] urllib3.connectionpool: http://www.omdbapi.com:80 "GET /?apikey=b198fae9&t=Titanic HTTP/1.1" 200 None
2023-03-25 22:16:59 [DEBUG] urllib3.connectionpool: Starting new HTTP connection (1): www.omdbapi.com:80
2023-03-25 22:16:59 [DEBUG] urllib3.connectionpool: http://www.omdbapi.com:80 "GET /?apikey=b198fae9&s=tit HTTP/1.1" 200 None
2023-03-25 22:17:06 [DEBUG] urllib3.connectionpool: Starting new HTTP connection (1): www.omdbapi.com:80
2023-03-25 22:17:06 [DEBUG] urllib3.connectionpool: http://www.omdbapi.com:80 "GET /?apikey=b198fae9&t=Titanic HTTP/1.1" 200 None
2023-03-25 22:17:09 [DEBUG] urllib3.connectionpool: Starting new HTTP connection (1): www.omdbapi.com:80
2023-03-25 22:17:09 [DEBUG] urllib3.connectionpool: http://www.omdbapi.com:80 "GET /?apikey=b198fae9&s=tut HTTP/1.1" 200 None
2023-03-25 22:17:29 [DEBUG] urllib3.connectionpool: Starting new HTTP connection (1): www.omdbapi.com:80
2023-03-25 22:17:29 [DEBUG] urllib3.connectionpool: http://www.omdbapi.com:80 "GET /?apikey=b198fae9&t=Titanic HTTP/1.1" 200 None
2023-03-25 22:17:31 [DEBUG] urllib3.connectionpool: Starting new HTTP connection (1): www.omdbapi.com:80
2023-03-25 22:17:31 [DEBUG] urllib3.connectionpool: http://www.omdbapi.com:80 "GET /?apikey=b198fae9&s=tit HTTP/1.1" 200 None
2023-03-25 22:18:18 [DEBUG] urllib3.connectionpool: Starting new HTTP connection (1): www.omdbapi.com:80
2023-03-25 22:18:18 [DEBUG] urllib3.connectionpool: http://www.omdbapi.com:80 "GET /?apikey=b198fae9&t=Titanic HTTP/1.1" 200 None
2023-03-25 22:18:20 [DEBUG] urllib3.connectionpool: Starting new HTTP connection (1): www.omdbapi.com:80
2023-03-25 22:18:20 [DEBUG] urllib3.connectionpool: http://www.omdbapi.com:80 "GET /?apikey=b198fae9&s=tit HTTP/1.1" 200 None
2023-03-25 22:18:29 [DEBUG] urllib3.connectionpool: Starting new HTTP connection (1): www.omdbapi.com:80
2023-03-25 22:18:29 [DEBUG] urllib3.connectionpool: http://www.omdbapi.com:80 "GET /?apikey=b198fae9&s=ti HTTP/1.1" 200 None
2023-03-25 22:18:30 [DEBUG] urllib3.connectionpool: Starting new HTTP connection (1): www.omdbapi.com:80
2023-03-25 22:18:31 [DEBUG] urllib3.connectionpool: http://www.omdbapi.com:80 "GET /?apikey=b198fae9&s=titanic HTTP/1.1" 200 None
2023-03-25 22:18:54 [DEBUG] urllib3.connectionpool: Starting new HTTP connection (1): www.omdbapi.com:80
2023-03-25 22:18:54 [DEBUG] urllib3.connectionpool: http://www.omdbapi.com:80 "GET /?apikey=b198fae9&t=Titanic HTTP/1.1" 200 None
2023-03-25 22:18:57 [DEBUG] urllib3.connectionpool: Starting new HTTP connection (1): www.omdbapi.com:80
2023-03-25 22:18:57 [DEBUG] urllib3.connectionpool: http://www.omdbapi.com:80 "GET /?apikey=b198fae9&s=tit HTTP/1.1" 200 None
2023-03-25 22:19:11 [DEBUG] urllib3.connectionpool: Starting new HTTP connection (1): www.omdbapi.com:80
2023-03-25 22:19:11 [DEBUG] urllib3.connectionpool: http://www.omdbapi.com:80 "GET /?apikey=b198fae9&t=Titanic HTTP/1.1" 200 None
2023-03-25 22:19:11 [DEBUG] urllib3.connectionpool: Starting new HTTP connection (1): www.omdbapi.com:80
2023-03-25 22:19:11 [DEBUG] urllib3.connectionpool: http://www.omdbapi.com:80 "GET /?apikey=b198fae9&t=Tit%20for%20Tat%20(1904)&y=1905 HTTP/1.1" 200 47
2023-03-25 22:19:16 [DEBUG] urllib3.connectionpool: Starting new HTTP connection (1): www.omdbapi.com:80
2023-03-25 22:19:16 [DEBUG] urllib3.connectionpool: http://www.omdbapi.com:80 "GET /?apikey=b198fae9&t=Titanic HTTP/1.1" 200 None
2023-03-25 22:19:16 [DEBUG] urllib3.connectionpool: Starting new HTTP connection (1): www.omdbapi.com:80
2023-03-25 22:19:18 [DEBUG] urllib3.connectionpool: http://www.omdbapi.com:80 "GET /?apikey=b198fae9&t=Tit%20for%20Tat%20(1904)&y=1904 HTTP/1.1" 200 47
2023-03-25 22:20:27 [DEBUG] urllib3.connectionpool: Starting new HTTP connection (1): www.omdbapi.com:80
2023-03-25 22:20:27 [DEBUG] urllib3.connectionpool: http://www.omdbapi.com:80 "GET /?apikey=b198fae9&s=Tit%20for%20Tat%20(1904) HTTP/1.1" 200 47
2023-03-25 22:22:05 [DEBUG] urllib3.connectionpool: Starting new HTTP connection (1): www.omdbapi.com:80
2023-03-25 22:22:05 [DEBUG] urllib3.connectionpool: http://www.omdbapi.com:80 "GET /?apikey=b198fae9&t=Titanic HTTP/1.1" 200 None
2023-03-25 22:22:08 [DEBUG] urllib3.connectionpool: Starting new HTTP connection (1): www.omdbapi.com:80
2023-03-25 22:22:08 [DEBUG] urllib3.connectionpool: http://www.omdbapi.com:80 "GET /?apikey=b198fae9&s=tit HTTP/1.1" 200 None
2023-03-25 22:22:31 [DEBUG] urllib3.connectionpool: Starting new HTTP connection (1): www.omdbapi.com:80
2023-03-25 22:22:31 [DEBUG] urllib3.connectionpool: http://www.omdbapi.com:80 "GET /?apikey=b198fae9&t=Titanic HTTP/1.1" 200 None
2023-03-25 22:22:33 [DEBUG] urllib3.connectionpool: Starting new HTTP connection (1): www.omdbapi.com:80
2023-03-25 22:22:33 [DEBUG] urllib3.connectionpool: http://www.omdbapi.com:80 "GET /?apikey=b198fae9&s=tit HTTP/1.1" 200 None
2023-03-25 22:22:41 [DEBUG] urllib3.connectionpool: Starting new HTTP connection (1): www.omdbapi.com:80
2023-03-25 22:22:41 [DEBUG] urllib3.connectionpool: http://www.omdbapi.com:80 "GET /?apikey=b198fae9&t=Titanic HTTP/1.1" 200 None
2023-03-25 22:22:41 [DEBUG] urllib3.connectionpool: Starting new HTTP connection (1): www.omdbapi.com:80
2023-03-25 22:22:41 [DEBUG] urllib3.connectionpool: http://www.omdbapi.com:80 "GET /?apikey=b198fae9&t=The%20Tit%20and%20the%20Moon HTTP/1.1" 200 None
2023-03-25 22:22:48 [DEBUG] urllib3.connectionpool: Starting new HTTP connection (1): www.omdbapi.com:80
2023-03-25 22:22:48 [DEBUG] urllib3.connectionpool: http://www.omdbapi.com:80 "GET /?apikey=b198fae9&s=about HTTP/1.1" 200 None
2023-03-25 22:22:58 [DEBUG] urllib3.connectionpool: Starting new HTTP connection (1): www.omdbapi.com:80
2023-03-25 22:22:58 [DEBUG] urllib3.connectionpool: http://www.omdbapi.com:80 "GET /?apikey=b198fae9&t=Titanic HTTP/1.1" 200 None
2023-03-25 22:22:58 [DEBUG] urllib3.connectionpool: Starting new HTTP connection (1): www.omdbapi.com:80
2023-03-25 22:22:58 [DEBUG] urllib3.connectionpool: http://www.omdbapi.com:80 "GET /?apikey=b198fae9&t=About%20Time HTTP/1.1" 200 None
2023-03-25 22:23:29 [DEBUG] urllib3.connectionpool: Starting new HTTP connection (1): www.omdbapi.com:80
2023-03-25 22:23:31 [DEBUG] urllib3.connectionpool: http://www.omdbapi.com:80 "GET /?apikey=b198fae9&t=Titanic HTTP/1.1" 200 None
2023-03-25 22:23:31 [DEBUG] urllib3.connectionpool: Starting new HTTP connection (1): www.omdbapi.com:80
2023-03-25 22:23:31 [DEBUG] urllib3.connectionpool: http://www.omdbapi.com:80 "GET /?apikey=b198fae9&t=About%20Time HTTP/1.1" 200 None
2023-03-26 19:56:24 [INFO] django.utils.autoreload: Watching for file changes with StatReloader
2023-03-26 19:56:32 [WARNING] django.request: Not Found: /favicon.ico
2023-03-26 19:56:44 [DEBUG] urllib3.connectionpool: Starting new HTTP connection (1): www.omdbapi.com:80
2023-03-26 19:56:44 [DEBUG] urllib3.connectionpool: http://www.omdbapi.com:80 "GET /?apikey=b198fae9&t=Titanic HTTP/1.1" 200 None
2023-03-26 19:57:03 [DEBUG] urllib3.connectionpool: Starting new HTTP connection (1): www.omdbapi.com:80
2023-03-26 19:57:03 [DEBUG] urllib3.connectionpool: http://www.omdbapi.com:80 "GET /?apikey=b198fae9&t=Titanic HTTP/1.1" 200 None
2023-03-26 20:02:19 [WARNING] django.request: Not Found: /momovie
2023-03-26 20:02:28 [WARNING] django.request: Not Found: /
2023-03-26 20:14:29 [INFO] django.utils.autoreload: C:\Users\V_efr\Documents\Development\Python\movie_project\movie_project\movie_project\urls.py changed, reloading.
2023-03-26 20:14:29 [INFO] django.utils.autoreload: Watching for file changes with StatReloader
2023-03-26 20:15:37 [INFO] django.utils.autoreload: C:\Users\V_efr\Documents\Development\Python\movie_project\movie_project\movie_project\urls.py changed, reloading.
2023-03-26 20:15:37 [INFO] django.utils.autoreload: Watching for file changes with StatReloader
2023-03-26 20:15:44 [DEBUG] urllib3.connectionpool: Starting new HTTP connection (1): www.omdbapi.com:80
2023-03-26 20:15:44 [DEBUG] urllib3.connectionpool: http://www.omdbapi.com:80 "GET /?apikey=b198fae9&t=Titanic HTTP/1.1" 200 None
2023-03-26 20:15:47 [DEBUG] urllib3.connectionpool: Starting new HTTP connection (1): www.omdbapi.com:80
2023-03-26 20:15:47 [DEBUG] urllib3.connectionpool: http://www.omdbapi.com:80 "GET /?apikey=b198fae9&t=Titanic HTTP/1.1" 200 None
2023-03-26 20:16:20 [INFO] django.utils.autoreload: C:\Users\V_efr\Documents\Development\Python\movie_project\movie_project\movie_app\urls.py changed, reloading.
2023-03-26 20:16:21 [INFO] django.utils.autoreload: Watching for file changes with StatReloader
2023-03-26 20:16:28 [DEBUG] urllib3.connectionpool: Starting new HTTP connection (1): www.omdbapi.com:80
2023-03-26 20:16:28 [DEBUG] urllib3.connectionpool: http://www.omdbapi.com:80 "GET /?apikey=b198fae9&t=Titanic HTTP/1.1" 200 None
2023-03-26 20:16:33 [DEBUG] urllib3.connectionpool: Starting new HTTP connection (1): www.omdbapi.com:80
2023-03-26 20:16:33 [DEBUG] urllib3.connectionpool: http://www.omdbapi.com:80 "GET /?apikey=b198fae9&t=Titanic HTTP/1.1" 200 None
2023-03-26 20:16:35 [DEBUG] urllib3.connectionpool: Starting new HTTP connection (1): www.omdbapi.com:80
2023-03-26 20:16:35 [DEBUG] urllib3.connectionpool: http://www.omdbapi.com:80 "GET /?apikey=b198fae9&t=Titanic HTTP/1.1" 200 None
2023-03-26 20:16:37 [DEBUG] urllib3.connectionpool: Starting new HTTP connection (1): www.omdbapi.com:80
2023-03-26 20:16:37 [DEBUG] urllib3.connectionpool: http://www.omdbapi.com:80 "GET /?apikey=b198fae9&s=tit HTTP/1.1" 200 None
2023-03-26 20:16:43 [DEBUG] urllib3.connectionpool: Starting new HTTP connection (1): www.omdbapi.com:80
2023-03-26 20:16:43 [DEBUG] urllib3.connectionpool: http://www.omdbapi.com:80 "GET /?apikey=b198fae9&t=Titanic HTTP/1.1" 200 None
2023-03-26 20:16:43 [DEBUG] urllib3.connectionpool: Starting new HTTP connection (1): www.omdbapi.com:80
2023-03-26 20:16:43 [DEBUG] urllib3.connectionpool: http://www.omdbapi.com:80 "GET /?apikey=b198fae9&t=The%20Tit%20and%20the%20Moon HTTP/1.1" 200 None
2023-03-26 20:16:46 [DEBUG] urllib3.connectionpool: Starting new HTTP connection (1): www.omdbapi.com:80
2023-03-26 20:16:46 [DEBUG] urllib3.connectionpool: http://www.omdbapi.com:80 "GET /?apikey=b198fae9&t=Titanic HTTP/1.1" 200 None
2023-03-26 20:16:46 [DEBUG] urllib3.connectionpool: Starting new HTTP connection (1): www.omdbapi.com:80
2023-03-26 20:16:46 [DEBUG] urllib3.connectionpool: http://www.omdbapi.com:80 "GET /?apikey=b198fae9&t=The%20Tit%20and%20the%20Moon HTTP/1.1" 200 None
2023-03-26 20:16:58 [DEBUG] urllib3.connectionpool: Starting new HTTP connection (1): www.omdbapi.com:80
2023-03-26 20:16:58 [DEBUG] urllib3.connectionpool: http://www.omdbapi.com:80 "GET /?apikey=b198fae9&t=Titanic HTTP/1.1" 200 None
2023-03-26 20:16:58 [DEBUG] urllib3.connectionpool: Starting new HTTP connection (1): www.omdbapi.com:80
2023-03-26 20:16:58 [DEBUG] urllib3.connectionpool: http://www.omdbapi.com:80 "GET /?apikey=b198fae9&t=The%20Tit%20and%20the%20Moon HTTP/1.1" 200 None
